13:49:51:853  INFO 4940 --- [main] com.hmall.gateway.GatewayApplication     : The following 1 profile is active: "local"
13:49:52:526  INFO 4940 --- [main] o.s.cloud.context.scope.GenericScope     : BeanFactory id=ec6529d1-acb4-395b-9207-764553145996
13:49:52:582  INFO 4940 --- [main] trationDelegate$BeanPostProcessorChecker : Bean 'org.springframework.cloud.client.loadbalancer.reactive.LoadBalancerBeanPostProcessorAutoConfiguration' of type [org.springframework.cloud.client.loadbalancer.reactive.LoadBalancerBeanPostProcessorAutoConfiguration] is not eligible for getting processed by all BeanPostProcessors (for example: not eligible for auto-proxying)
13:49:52:582  INFO 4940 --- [main] trationDelegate$BeanPostProcessorChecker : Bean 'org.springframework.cloud.client.loadbalancer.reactive.LoadBalancerBeanPostProcessorAutoConfiguration$ReactorDeferringLoadBalancerFilterConfig' of type [org.springframework.cloud.client.loadbalancer.reactive.LoadBalancerBeanPostProcessorAutoConfiguration$ReactorDeferringLoadBalancerFilterConfig] is not eligible for getting processed by all BeanPostProcessors (for example: not eligible for auto-proxying)
13:49:52:583  INFO 4940 --- [main] trationDelegate$BeanPostProcessorChecker : Bean 'reactorDeferringLoadBalancerExchangeFilterFunction' of type [org.springframework.cloud.client.loadbalancer.reactive.DeferringLoadBalancerExchangeFilterFunction] is not eligible for getting processed by all BeanPostProcessors (for example: not eligible for auto-proxying)
13:49:53:189 DEBUG 4940 --- [main] c.h.gateway.route.DynamicRouteLoader     : 监听到路由配置变更，[
    {
        "id": "item",
        "predicates": [{
            "name": "Path",
            "args": {"_genkey_0":"/items/**", "_genkey_1":"/search/**"}
        }],
        "filters": [],
        "uri": "lb://item-service"
    },
    {
        "id": "cart",
        "predicates": [{
            "name": "Path",
            "args": {"_genkey_0":"/carts/**"}
        }],
        "filters": [],
        "uri": "lb://cart-service"
    },
    {
        "id": "user",
        "predicates": [{
            "name": "Path",
            "args": {"_genkey_0":"/users/**", "_genkey_1":"/addresses/**"}
        }],
        "filters": [],
        "uri": "lb://user-service"
    },
    {
        "id": "trade",
        "predicates": [{
            "name": "Path",
            "args": {"_genkey_0":"/orders/**"}
        }],
        "filters": [],
        "uri": "lb://trade-service"
    },
    {
        "id": "pay",
        "predicates": [{
            "name": "Path",
            "args": {"_genkey_0":"/pay-orders/**"}
        }],
        "filters": [],
        "uri": "lb://pay-service"
    }
]
13:49:54:282  INFO 4940 --- [main] o.s.c.g.r.RouteDefinitionRouteLocator    : Loaded RoutePredicateFactory [After]
13:49:54:282  INFO 4940 --- [main] o.s.c.g.r.RouteDefinitionRouteLocator    : Loaded RoutePredicateFactory [Before]
13:49:54:283  INFO 4940 --- [main] o.s.c.g.r.RouteDefinitionRouteLocator    : Loaded RoutePredicateFactory [Between]
13:49:54:283  INFO 4940 --- [main] o.s.c.g.r.RouteDefinitionRouteLocator    : Loaded RoutePredicateFactory [Cookie]
13:49:54:283  INFO 4940 --- [main] o.s.c.g.r.RouteDefinitionRouteLocator    : Loaded RoutePredicateFactory [Header]
13:49:54:283  INFO 4940 --- [main] o.s.c.g.r.RouteDefinitionRouteLocator    : Loaded RoutePredicateFactory [Host]
13:49:54:283  INFO 4940 --- [main] o.s.c.g.r.RouteDefinitionRouteLocator    : Loaded RoutePredicateFactory [Method]
13:49:54:283  INFO 4940 --- [main] o.s.c.g.r.RouteDefinitionRouteLocator    : Loaded RoutePredicateFactory [Path]
13:49:54:283  INFO 4940 --- [main] o.s.c.g.r.RouteDefinitionRouteLocator    : Loaded RoutePredicateFactory [Query]
13:49:54:283  INFO 4940 --- [main] o.s.c.g.r.RouteDefinitionRouteLocator    : Loaded RoutePredicateFactory [ReadBody]
13:49:54:283  INFO 4940 --- [main] o.s.c.g.r.RouteDefinitionRouteLocator    : Loaded RoutePredicateFactory [RemoteAddr]
13:49:54:283  INFO 4940 --- [main] o.s.c.g.r.RouteDefinitionRouteLocator    : Loaded RoutePredicateFactory [XForwardedRemoteAddr]
13:49:54:283  INFO 4940 --- [main] o.s.c.g.r.RouteDefinitionRouteLocator    : Loaded RoutePredicateFactory [Weight]
13:49:54:283  INFO 4940 --- [main] o.s.c.g.r.RouteDefinitionRouteLocator    : Loaded RoutePredicateFactory [CloudFoundryRouteService]
13:49:55:121  INFO 4940 --- [main] com.alibaba.nacos.common.remote.client   : [RpcClientFactory] create a new rpc client of 047d63ef-2471-404e-8ffc-58034a9684d5
13:49:55:122  INFO 4940 --- [main] com.alibaba.nacos.common.remote.client   : [047d63ef-2471-404e-8ffc-58034a9684d5] RpcClient init label, labels = {module=naming, source=sdk}
13:49:55:123  INFO 4940 --- [main] com.alibaba.nacos.common.remote.client   : [047d63ef-2471-404e-8ffc-58034a9684d5] RpcClient init, ServerListFactory = com.alibaba.nacos.client.naming.core.ServerListManager
13:49:55:123  INFO 4940 --- [main] com.alibaba.nacos.common.remote.client   : [047d63ef-2471-404e-8ffc-58034a9684d5] Registry connection listener to current client:com.alibaba.nacos.client.naming.remote.gprc.redo.NamingGrpcRedoService
13:49:55:124  INFO 4940 --- [main] com.alibaba.nacos.common.remote.client   : [047d63ef-2471-404e-8ffc-58034a9684d5] Register server push request handler:com.alibaba.nacos.client.naming.remote.gprc.NamingPushRequestHandler
13:49:55:124  INFO 4940 --- [main] com.alibaba.nacos.common.remote.client   : [047d63ef-2471-404e-8ffc-58034a9684d5] Try to connect to server on start up, server: {serverIp = '192.168.42.128', server main port = 8848}
13:49:55:243  INFO 4940 --- [main] com.alibaba.nacos.common.remote.client   : [047d63ef-2471-404e-8ffc-58034a9684d5] Success to connect to server [192.168.42.128:8848] on start up, connectionId = 1749275394277_192.168.42.1_36375
13:49:55:243  INFO 4940 --- [main] com.alibaba.nacos.common.remote.client   : [047d63ef-2471-404e-8ffc-58034a9684d5] Register server push request handler:com.alibaba.nacos.common.remote.client.RpcClient$ConnectResetRequestHandler
13:49:55:243  INFO 4940 --- [main] com.alibaba.nacos.common.remote.client   : [047d63ef-2471-404e-8ffc-58034a9684d5] Register server push request handler:com.alibaba.nacos.common.remote.client.RpcClient$$Lambda$468/0x000000080045f040
13:49:55:243  INFO 4940 --- [com.alibaba.nacos.client.remote.worker] com.alibaba.nacos.common.remote.client   : [047d63ef-2471-404e-8ffc-58034a9684d5] Notify connected event to listeners.
13:49:55:632  INFO 4940 --- [main] o.s.b.web.embedded.netty.NettyWebServer  : Netty started on port 8080
13:49:55:873  INFO 4940 --- [nacos-grpc-client-executor-5] com.alibaba.nacos.common.remote.client   : [047d63ef-2471-404e-8ffc-58034a9684d5] Receive server push request, request = NotifySubscriberRequest, requestId = 1
13:49:55:883  INFO 4940 --- [nacos-grpc-client-executor-5] com.alibaba.nacos.common.remote.client   : [047d63ef-2471-404e-8ffc-58034a9684d5] Ack server push request, request = NotifySubscriberRequest, requestId = 1
13:49:56:367  INFO 4940 --- [main] c.a.c.n.registry.NacosServiceRegistry    : nacos registry, DEFAULT_GROUP gateway 192.168.42.1:8080 register finished
13:49:56:382  INFO 4940 --- [main] com.hmall.gateway.GatewayApplication     : Started GatewayApplication in 8.008 seconds (JVM running for 9.479)
13:49:56:384  INFO 4940 --- [main] c.a.c.n.refresh.NacosContextRefresher    : [Nacos Config] Listening config: dataId=gateway.yaml, group=DEFAULT_GROUP
13:49:56:385  INFO 4940 --- [main] c.a.c.n.refresh.NacosContextRefresher    : [Nacos Config] Listening config: dataId=gateway, group=DEFAULT_GROUP
13:49:56:385  INFO 4940 --- [main] c.a.c.n.refresh.NacosContextRefresher    : [Nacos Config] Listening config: dataId=gateway-local.yaml, group=DEFAULT_GROUP
13:49:56:879  INFO 4940 --- [nacos-grpc-client-executor-9] com.alibaba.nacos.common.remote.client   : [047d63ef-2471-404e-8ffc-58034a9684d5] Receive server push request, request = NotifySubscriberRequest, requestId = 2
13:49:56:888  INFO 4940 --- [nacos-grpc-client-executor-9] com.alibaba.nacos.common.remote.client   : [047d63ef-2471-404e-8ffc-58034a9684d5] Ack server push request, request = NotifySubscriberRequest, requestId = 2
22:05:18:561  WARN 4940 --- [Thread-1] c.a.n.common.http.HttpClientBeanHolder   : [HttpClientBeanHolder] Start destroying common HttpClient
22:05:18:561  WARN 4940 --- [Thread-5] c.a.nacos.common.notify.NotifyCenter     : [NotifyCenter] Start destroying Publisher
22:05:18:579  WARN 4940 --- [Thread-5] c.a.nacos.common.notify.NotifyCenter     : [NotifyCenter] Destruction of the end
22:05:18:583  WARN 4940 --- [Thread-1] c.a.n.common.http.HttpClientBeanHolder   : [HttpClientBeanHolder] Destruction of the end
22:05:18:691  INFO 4940 --- [SpringApplicationShutdownHook] c.a.c.n.registry.NacosServiceRegistry    : De-registering from Nacos Server now...
22:05:18:702  INFO 4940 --- [SpringApplicationShutdownHook] c.a.c.n.registry.NacosServiceRegistry    : De-registration finished.
22:05:19:018  INFO 4940 --- [SpringApplicationShutdownHook] com.alibaba.nacos.common.remote.client   : Shutdown rpc client, set status to shutdown
22:05:19:019  INFO 4940 --- [SpringApplicationShutdownHook] com.alibaba.nacos.common.remote.client   : Shutdown client event executor java.util.concurrent.ScheduledThreadPoolExecutor@14d226cf[Running, pool size = 2, active threads = 2, queued tasks = 0, completed tasks = 0]
22:05:19:020  INFO 4940 --- [SpringApplicationShutdownHook] com.alibaba.nacos.common.remote.client   : Close current connection 1749275394277_192.168.42.1_36375
22:05:19:029  INFO 4940 --- [nacos-grpc-client-executor-5962] c.a.n.c.remote.client.grpc.GrpcClient    : [1749275394277_192.168.42.1_36375]Ignore complete event,isRunning:false,isAbandon=false
22:05:19:031  INFO 4940 --- [SpringApplicationShutdownHook] c.a.n.c.remote.client.grpc.GrpcClient    : Shutdown grpc executor java.util.concurrent.ThreadPoolExecutor@5699ea4f[Running, pool size = 5, active threads = 0, queued tasks = 0, completed tasks = 5963]
