17:06:25:290  INFO 15396 --- [main] com.hmall.user.UserApplication           : Starting UserApplication using Java 11.0.26 on LAPTOP-A83N09FC with PID 15396 (D:\learn\project\hmall\user-service\target\classes started by shadow of flame in D:\learn\project\hmall)
17:06:25:295 DEBUG 15396 --- [main] com.hmall.user.UserApplication           : Running with Spring Boot v2.7.12, Spring v5.3.27
17:06:25:295  INFO 15396 --- [main] com.hmall.user.UserApplication           : The following 1 profile is active: "local"
17:06:26:565  INFO 15396 --- [main] o.s.cloud.context.scope.GenericScope     : BeanFactory id=af74a8f0-57ea-3a03-b00e-bf8f9fce38f0
17:06:27:089  INFO 15396 --- [main] o.s.b.w.embedded.tomcat.TomcatWebServer  : Tomcat initialized with port(s): 8085 (http)
17:06:27:098  INFO 15396 --- [main] o.apache.catalina.core.StandardService   : Starting service [Tomcat]
17:06:27:098  INFO 15396 --- [main] org.apache.catalina.core.StandardEngine  : Starting Servlet engine: [Apache Tomcat/9.0.75]
17:06:27:239  INFO 15396 --- [main] o.a.c.c.C.[Tomcat].[localhost].[/]       : Initializing Spring embedded WebApplicationContext
17:06:27:240  INFO 15396 --- [main] w.s.c.ServletWebServerApplicationContext : Root WebApplicationContext: initialization completed in 1904 ms
17:06:30:479  INFO 15396 --- [main] pertySourcedRequestMappingHandlerMapping : Mapped URL path [/v2/api-docs] onto method [springfox.documentation.swagger2.web.Swagger2ControllerWebMvc#getDocumentation(String, HttpServletRequest)]
17:06:31:357  INFO 15396 --- [main] com.alibaba.nacos.common.remote.client   : [RpcClientFactory] create a new rpc client of 261d6f31-64e3-4e0e-a399-ce3ae1d3c381
17:06:31:410  INFO 15396 --- [main] org.reflections.Reflections              : Reflections took 26 ms to scan 1 urls, producing 3 keys and 6 values 
17:06:31:446  INFO 15396 --- [main] org.reflections.Reflections              : Reflections took 14 ms to scan 1 urls, producing 4 keys and 9 values 
17:06:31:462  INFO 15396 --- [main] org.reflections.Reflections              : Reflections took 11 ms to scan 1 urls, producing 3 keys and 10 values 
17:06:31:467  WARN 15396 --- [main] org.reflections.Reflections              : given scan urls are empty. set urls in the configuration
17:06:31:478  INFO 15396 --- [main] org.reflections.Reflections              : Reflections took 10 ms to scan 1 urls, producing 1 keys and 5 values 
17:06:31:492  INFO 15396 --- [main] org.reflections.Reflections              : Reflections took 11 ms to scan 1 urls, producing 1 keys and 7 values 
17:06:31:507  INFO 15396 --- [main] org.reflections.Reflections              : Reflections took 11 ms to scan 1 urls, producing 2 keys and 8 values 
17:06:31:509  WARN 15396 --- [main] org.reflections.Reflections              : given scan urls are empty. set urls in the configuration
17:06:31:511  INFO 15396 --- [main] com.alibaba.nacos.common.remote.client   : [261d6f31-64e3-4e0e-a399-ce3ae1d3c381] RpcClient init label, labels = {module=naming, source=sdk}
17:06:31:513  INFO 15396 --- [main] com.alibaba.nacos.common.remote.client   : [261d6f31-64e3-4e0e-a399-ce3ae1d3c381] RpcClient init, ServerListFactory = com.alibaba.nacos.client.naming.core.ServerListManager
17:06:31:513  INFO 15396 --- [main] com.alibaba.nacos.common.remote.client   : [261d6f31-64e3-4e0e-a399-ce3ae1d3c381] Registry connection listener to current client:com.alibaba.nacos.client.naming.remote.gprc.redo.NamingGrpcRedoService
17:06:31:513  INFO 15396 --- [main] com.alibaba.nacos.common.remote.client   : [261d6f31-64e3-4e0e-a399-ce3ae1d3c381] Register server push request handler:com.alibaba.nacos.client.naming.remote.gprc.NamingPushRequestHandler
17:06:31:515  INFO 15396 --- [main] com.alibaba.nacos.common.remote.client   : [261d6f31-64e3-4e0e-a399-ce3ae1d3c381] Try to connect to server on start up, server: {serverIp = '192.168.42.128', server main port = 8848}
17:06:33:569  INFO 15396 --- [main] com.alibaba.nacos.common.remote.client   : [261d6f31-64e3-4e0e-a399-ce3ae1d3c381] Success to connect to server [192.168.42.128:8848] on start up, connectionId = 1749200792849_192.168.42.1_5095
17:06:33:570  INFO 15396 --- [com.alibaba.nacos.client.remote.worker] com.alibaba.nacos.common.remote.client   : [261d6f31-64e3-4e0e-a399-ce3ae1d3c381] Notify connected event to listeners.
17:06:33:571  INFO 15396 --- [main] com.alibaba.nacos.common.remote.client   : [261d6f31-64e3-4e0e-a399-ce3ae1d3c381] Register server push request handler:com.alibaba.nacos.common.remote.client.RpcClient$ConnectResetRequestHandler
17:06:33:571  INFO 15396 --- [main] com.alibaba.nacos.common.remote.client   : [261d6f31-64e3-4e0e-a399-ce3ae1d3c381] Register server push request handler:com.alibaba.nacos.common.remote.client.RpcClient$$Lambda$1051/0x000000080074a040
17:06:33:645  INFO 15396 --- [main] o.s.b.w.embedded.tomcat.TomcatWebServer  : Tomcat started on port(s): 8085 (http) with context path ''
17:06:33:658  INFO 15396 --- [main] c.a.c.n.registry.NacosServiceRegistry    : nacos registry, DEFAULT_GROUP user-service 192.168.42.1:8085 register finished
17:06:34:143  INFO 15396 --- [nacos-grpc-client-executor-10] com.alibaba.nacos.common.remote.client   : [261d6f31-64e3-4e0e-a399-ce3ae1d3c381] Receive server push request, request = NotifySubscriberRequest, requestId = 5
17:06:34:153  INFO 15396 --- [nacos-grpc-client-executor-10] com.alibaba.nacos.common.remote.client   : [261d6f31-64e3-4e0e-a399-ce3ae1d3c381] Ack server push request, request = NotifySubscriberRequest, requestId = 5
17:06:34:183  INFO 15396 --- [main] d.s.w.p.DocumentationPluginsBootstrapper : Documentation plugins bootstrapped
17:06:34:185  INFO 15396 --- [main] d.s.w.p.DocumentationPluginsBootstrapper : Found 1 custom documentation plugin(s)
17:06:34:206  INFO 15396 --- [main] s.d.s.w.s.ApiListingReferenceScanner     : Scanning for api listing references
17:06:34:283  INFO 15396 --- [main] com.hmall.user.UserApplication           : Started UserApplication in 9.95 seconds (JVM running for 10.994)
17:06:47:479  INFO 15396 --- [http-nio-8085-exec-1] o.a.c.c.C.[Tomcat].[localhost].[/]       : Initializing Spring DispatcherServlet 'dispatcherServlet'
17:06:47:479  INFO 15396 --- [http-nio-8085-exec-1] o.s.web.servlet.DispatcherServlet        : Initializing Servlet 'dispatcherServlet'
17:06:47:480  INFO 15396 --- [http-nio-8085-exec-1] o.s.web.servlet.DispatcherServlet        : Completed initialization in 1 ms
17:06:47:638  INFO 15396 --- [http-nio-8085-exec-1] com.zaxxer.hikari.HikariDataSource       : HikariPool-1 - Starting...
17:06:47:807  INFO 15396 --- [http-nio-8085-exec-1] com.zaxxer.hikari.HikariDataSource       : HikariPool-1 - Start completed.
17:06:47:813 DEBUG 15396 --- [http-nio-8085-exec-1] c.h.user.mapper.UserMapper.selectOne     : ==>  Preparing: SELECT id,username,password,phone,create_time,update_time,status,balance FROM user WHERE (username = ?)
17:06:47:831 DEBUG 15396 --- [http-nio-8085-exec-1] c.h.user.mapper.UserMapper.selectOne     : ==> Parameters: jack(String)
17:06:47:865 DEBUG 15396 --- [http-nio-8085-exec-1] c.h.user.mapper.UserMapper.selectOne     : <==      Total: 1
17:07:03:882  INFO 15396 --- [http-nio-8085-exec-3] c.h.user.service.impl.UserServiceImpl    : 开始扣款
17:07:03:885 DEBUG 15396 --- [http-nio-8085-exec-3] c.h.user.mapper.UserMapper.selectById    : ==>  Preparing: SELECT id,username,password,phone,create_time,update_time,status,balance FROM user WHERE id=?
17:07:03:885 DEBUG 15396 --- [http-nio-8085-exec-3] c.h.user.mapper.UserMapper.selectById    : ==> Parameters: 1(Long)
17:07:03:886 DEBUG 15396 --- [http-nio-8085-exec-3] c.h.user.mapper.UserMapper.selectById    : <==      Total: 1
17:07:03:954 DEBUG 15396 --- [http-nio-8085-exec-3] c.h.user.mapper.UserMapper.updateMoney   : ==>  Preparing: update user set balance = balance - 95900 where id = ?
17:07:03:955 DEBUG 15396 --- [http-nio-8085-exec-3] c.h.user.mapper.UserMapper.updateMoney   : ==> Parameters: 1(Long)
17:07:03:958 DEBUG 15396 --- [http-nio-8085-exec-3] c.h.user.mapper.UserMapper.updateMoney   : <==    Updates: 1
17:07:03:958  INFO 15396 --- [http-nio-8085-exec-3] c.h.user.service.impl.UserServiceImpl    : 扣款成功
18:54:24:183  WARN 15396 --- [Thread-7] c.a.n.common.http.HttpClientBeanHolder   : [HttpClientBeanHolder] Start destroying common HttpClient
18:54:24:183  WARN 15396 --- [Thread-4] c.a.nacos.common.notify.NotifyCenter     : [NotifyCenter] Start destroying Publisher
18:54:24:183  WARN 15396 --- [Thread-4] c.a.nacos.common.notify.NotifyCenter     : [NotifyCenter] Destruction of the end
18:54:24:184  WARN 15396 --- [Thread-7] c.a.n.common.http.HttpClientBeanHolder   : [HttpClientBeanHolder] Destruction of the end
18:54:24:582  INFO 15396 --- [SpringApplicationShutdownHook] c.a.c.n.registry.NacosServiceRegistry    : De-registering from Nacos Server now...
18:54:24:585  INFO 15396 --- [SpringApplicationShutdownHook] c.a.c.n.registry.NacosServiceRegistry    : De-registration finished.
18:54:24:892  INFO 15396 --- [SpringApplicationShutdownHook] com.alibaba.nacos.common.remote.client   : Shutdown rpc client, set status to shutdown
18:54:24:892  INFO 15396 --- [SpringApplicationShutdownHook] com.alibaba.nacos.common.remote.client   : Shutdown client event executor java.util.concurrent.ScheduledThreadPoolExecutor@4f6ed759[Running, pool size = 2, active threads = 2, queued tasks = 0, completed tasks = 0]
18:54:24:892  INFO 15396 --- [SpringApplicationShutdownHook] com.alibaba.nacos.common.remote.client   : Close current connection 1749200792849_192.168.42.1_5095
18:54:24:894  INFO 15396 --- [nacos-grpc-client-executor-1317] c.a.n.c.remote.client.grpc.GrpcClient    : [1749200792849_192.168.42.1_5095]Ignore complete event,isRunning:false,isAbandon=false
18:54:24:897  INFO 15396 --- [SpringApplicationShutdownHook] c.a.n.c.remote.client.grpc.GrpcClient    : Shutdown grpc executor java.util.concurrent.ThreadPoolExecutor@469f45f5[Running, pool size = 5, active threads = 0, queued tasks = 0, completed tasks = 1318]
18:54:24:901  INFO 15396 --- [SpringApplicationShutdownHook] com.zaxxer.hikari.HikariDataSource       : HikariPool-1 - Shutdown initiated...
18:54:24:913  INFO 15396 --- [SpringApplicationShutdownHook] com.zaxxer.hikari.HikariDataSource       : HikariPool-1 - Shutdown completed.
